0 info it worked if it ends with ok
1 verbose cli [ '/usr/local/bin/node', '/usr/local/bin/npm', 'start' ]
2 info using npm@3.10.9
3 info using node@v6.9.1
4 verbose run-script [ 'prestart', 'start', 'poststart' ]
5 info lifecycle HelloWorld@~prestart: HelloWorld@
6 silly lifecycle HelloWorld@~prestart: no script for prestart, continuing
7 info lifecycle HelloWorld@~start: HelloWorld@
8 verbose lifecycle HelloWorld@~start: unsafe-perm in lifecycle true
9 verbose lifecycle HelloWorld@~start: PATH: /usr/local/lib/node_modules/npm/bin/node-gyp-bin:/Users/JakeCarlson/Desktop/School/CSE/CSE_3345/dev/Carlson-HW-3/node_modules/.bin://anaconda/bin:/usr/local/bin:/usr/bin:/bin:/usr/sbin:/sbin:/opt/X11/bin:/Library/TeX/texbin
10 verbose lifecycle HelloWorld@~start: CWD: /Users/JakeCarlson/Desktop/School/CSE/CSE_3345/dev/Carlson-HW-3
11 silly lifecycle HelloWorld@~start: Args: [ '-c', 'tsc && concurrently "tsc -w" "lite-server" ' ]
12 silly lifecycle HelloWorld@~start: Returned: code: 2  signal: null
13 info lifecycle HelloWorld@~start: Failed to exec start script
14 verbose stack Error: HelloWorld@ start: `tsc && concurrently "tsc -w" "lite-server" `
14 verbose stack Exit status 2
14 verbose stack     at EventEmitter.<anonymous> (/usr/local/lib/node_modules/npm/lib/utils/lifecycle.js:255:16)
14 verbose stack     at emitTwo (events.js:106:13)
14 verbose stack     at EventEmitter.emit (events.js:191:7)
14 verbose stack     at ChildProcess.<anonymous> (/usr/local/lib/node_modules/npm/lib/utils/spawn.js:40:14)
14 verbose stack     at emitTwo (events.js:106:13)
14 verbose stack     at ChildProcess.emit (events.js:191:7)
14 verbose stack     at maybeClose (internal/child_process.js:877:16)
14 verbose stack     at Process.ChildProcess._handle.onexit (internal/child_process.js:226:5)
15 verbose pkgid HelloWorld@
16 verbose cwd /Users/JakeCarlson/Desktop/School/CSE/CSE_3345/dev/Carlson-HW-3
17 error Darwin 16.4.0
18 error argv "/usr/local/bin/node" "/usr/local/bin/npm" "start"
19 error node v6.9.1
20 error npm  v3.10.9
21 error code ELIFECYCLE
22 error HelloWorld@ start: `tsc && concurrently "tsc -w" "lite-server" `
22 error Exit status 2
23 error Failed at the HelloWorld@ start script 'tsc && concurrently "tsc -w" "lite-server" '.
23 error Make sure you have the latest version of node.js and npm installed.
23 error If you do, this is most likely a problem with the HelloWorld package,
23 error not with npm itself.
23 error Tell the author that this fails on your system:
23 error     tsc && concurrently "tsc -w" "lite-server"
23 error You can get information on how to open an issue for this project with:
23 error     npm bugs HelloWorld
23 error Or if that isn't available, you can get their info via:
23 error     npm owner ls HelloWorld
23 error There is likely additional logging output above.
24 verbose exit [ 1, true ]
